0e867 config: Wolve v2.0.CMake Jan 25 2023.
0e867 config: ============ InitializeSystem ============
0e867 config: BenzeneProgram::InitRandom()
0e867 config: Seed = 1677066507
0e867 config: IcePatternSet: reading from '/home/pooki/Hex-Project/benzene-vanilla-cmake/share/ice-patterns.txt'.
0e867 config: IcePatternSet: parsed 1136 patterns.
0e867 config: VCS: reading captured set patterns from '/home/pooki/Hex-Project/benzene-vanilla-cmake/share/vc-captured-set.txt'.
0e867 config: VCS:: parsed 1 patterns.
0e867 config: VCS: reading captured set patterns from '/home/pooki/Hex-Project/benzene-vanilla-cmake/share/vc-captured-set.txt'.
0e867 config: VCS:: parsed 1 patterns.
0e867 config: IcePatternSet: reading from '/home/pooki/Hex-Project/benzene-vanilla-cmake/share/ice-patterns.txt'.
0e867 config: IcePatternSet: parsed 1136 patterns.
0e867 config: VCS: reading captured set patterns from '/home/pooki/Hex-Project/benzene-vanilla-cmake/share/vc-captured-set.txt'.
0e867 config: VCS:: parsed 1 patterns.
0e867 config: VCS: reading captured set patterns from '/home/pooki/Hex-Project/benzene-vanilla-cmake/share/vc-captured-set.txt'.
0e867 config: VCS:: parsed 1 patterns.
0e867 config: CacheBook: reading from '/home/pooki/Hex-Project/benzene-vanilla-cmake/share/wolve-cache-book.txt'.
0e867 config: CacheBook: contains 2280 entries.
0e867 config: VCS: reading captured set patterns from '/home/pooki/Hex-Project/benzene-vanilla-cmake/share/vc-captured-set.txt'.
0e867 config: VCS:: parsed 1 patterns.
0e867 config: VCS: reading captured set patterns from '/home/pooki/Hex-Project/benzene-vanilla-cmake/share/vc-captured-set.txt'.
0e867 config: VCS:: parsed 1 patterns.
0e867 config: VCS: reading captured set patterns from '/home/pooki/Hex-Project/benzene-vanilla-cmake/share/vc-captured-set.txt'.
0e867 config: VCS:: parsed 1 patterns.
0e867 config: VCS: reading captured set patterns from '/home/pooki/Hex-Project/benzene-vanilla-cmake/share/vc-captured-set.txt'.
0e867 config: VCS:: parsed 1 patterns.
0e867 config: VCPattern: loading pattern templates from '/home/pooki/Hex-Project/benzene-vanilla-cmake/share/vc-patterns.txt'.
0e867 info: Best move cannot be determined, must search state.
0e867 info: minDepth=1 maxDepth=99
0e867 info: ===== Depth 1 =====
0e867 info: e4
0e867 info: elapsed=0.0s, last=0.0s, left=0.5s
0e867 info: ===== Depth 2 =====
0e867 info: b6 d3
0e867 info: elapsed=0.1s, last=0.1s, left=0.4s
0e867 info: ===== Depth 3 =====
0e867 info: WolveSearchControl: time elapsed. Aborting...
0e867 info: 
NumNodes       273
NumEvals       198
DepthReached   3
Elapsed        0.503006
Nodes/s        542.737
Score          1192
PV             d5 d4 e4

HashTableStatistics:
Stores         73
LookupAttempt  273
LookupSuccess  9
Collisions     0

0e867 info: Winning SC.
0e867 info: Winning SC.
0e867 info: Winning SC.
0e867 info: Winning SC.
0e867 info: Winning SC.
0e867 config: ============ BenzeneShutdown =============
0e867 config: WolveProgram:: ShutdownSystem()
0e867 config: CommonProgram:: ShutdownSystem()
0e867 config: BenzeneProgram:: ShutdownSystem()
Flushing and closing this stream...
